2024-12-28T03:24:47.523+05:30  INFO [Employee,,] 21408 --- [Employee] [restartedMain] com.Employee.EmployeeApplication         : Starting EmployeeApplication using Java 21.0.5 with PID 21408 (C:\git\pankaj-project\Employee\Employee-java\target\classes started by singh in C:\git\pankaj-project\Employee\Employee-java)
2024-12-28T03:24:47.525+05:30  INFO [Employee,,] 21408 --- [Employee] [restartedMain] com.Employee.EmployeeApplication         : No active profile set, falling back to 1 default profile: "default"
2024-12-28T03:24:47.585+05:30  INFO [Employee,,] 21408 --- [Employee] [restartedMain] .e.DevToolsPropertyDefaultsPostProcessor : Devtools property defaults active! Set 'spring.devtools.add-properties' to 'false' to disable
2024-12-28T03:24:47.585+05:30  INFO [Employee,,] 21408 --- [Employee] [restartedMain] .e.DevToolsPropertyDefaultsPostProcessor : For additional web related logging consider setting the 'logging.level.web' property to 'DEBUG'
2024-12-28T03:24:48.252+05:30  INFO [Employee,,] 21408 --- [Employee] [restartedMain] .s.d.r.c.RepositoryConfigurationDelegate : Bootstrapping Spring Data JPA repositories in DEFAULT mode.
2024-12-28T03:24:48.278+05:30  INFO [Employee,,] 21408 --- [Employee] [restartedMain] .s.d.r.c.RepositoryConfigurationDelegate : Finished Spring Data repository scanning in 14 ms. Found 0 JPA repository interfaces.
2024-12-28T03:24:48.799+05:30  INFO [Employee,,] 21408 --- [Employee] [restartedMain] o.s.b.w.embedded.tomcat.TomcatWebServer  : Tomcat initialized with port 8091 (http)
2024-12-28T03:24:48.815+05:30  INFO [Employee,,] 21408 --- [Employee] [restartedMain] o.apache.catalina.core.StandardService   : Starting service [Tomcat]
2024-12-28T03:24:48.816+05:30  INFO [Employee,,] 21408 --- [Employee] [restartedMain] o.apache.catalina.core.StandardEngine    : Starting Servlet engine: [Apache Tomcat/10.1.34]
2024-12-28T03:24:48.864+05:30  INFO [Employee,,] 21408 --- [Employee] [restartedMain] o.a.c.c.C.[.[.[/employee/project]        : Initializing Spring embedded WebApplicationContext
2024-12-28T03:24:48.864+05:30  INFO [Employee,,] 21408 --- [Employee] [restartedMain] w.s.c.ServletWebServerApplicationContext : Root WebApplicationContext: initialization completed in 1278 ms
2024-12-28T03:24:48.970+05:30  INFO [Employee,,] 21408 --- [Employee] [restartedMain] com.zaxxer.hikari.HikariDataSource       : HikariPool-1 - Starting...
2024-12-28T03:24:49.381+05:30  INFO [Employee,,] 21408 --- [Employee] [restartedMain] com.zaxxer.hikari.pool.HikariPool        : HikariPool-1 - Added connection org.postgresql.jdbc.PgConnection@661bd16b
2024-12-28T03:24:49.385+05:30  INFO [Employee,,] 21408 --- [Employee] [restartedMain] com.zaxxer.hikari.HikariDataSource       : HikariPool-1 - Start completed.
2024-12-28T03:24:49.440+05:30  INFO [Employee,,] 21408 --- [Employee] [restartedMain] o.hibernate.jpa.internal.util.LogHelper  : HHH000204: Processing PersistenceUnitInfo [name: default]
2024-12-28T03:24:49.526+05:30  INFO [Employee,,] 21408 --- [Employee] [restartedMain] org.hibernate.Version                    : HHH000412: Hibernate ORM core version 6.6.4.Final
2024-12-28T03:24:49.567+05:30  INFO [Employee,,] 21408 --- [Employee] [restartedMain] o.h.c.internal.RegionFactoryInitiator    : HHH000026: Second-level cache disabled
2024-12-28T03:24:49.866+05:30  INFO [Employee,,] 21408 --- [Employee] [restartedMain] o.s.o.j.p.SpringPersistenceUnitInfo      : No LoadTimeWeaver setup: ignoring JPA class transformer
2024-12-28T03:24:49.970+05:30  INFO [Employee,,] 21408 --- [Employee] [restartedMain] org.hibernate.orm.connections.pooling    : HHH10001005: Database info:
	Database JDBC URL [Connecting through datasource 'HikariDataSource (HikariPool-1)']
	Database driver: undefined/unknown
	Database version: 17.2
	Autocommit mode: undefined/unknown
	Isolation level: undefined/unknown
	Minimum pool size: undefined/unknown
	Maximum pool size: undefined/unknown
2024-12-28T03:24:50.286+05:30  INFO [Employee,,] 21408 --- [Employee] [restartedMain] o.h.e.t.j.p.i.JtaPlatformInitiator       : HHH000489: No JTA platform available (set 'hibernate.transaction.jta.platform' to enable JTA platform integration)
2024-12-28T03:24:50.289+05:30  INFO [Employee,,] 21408 --- [Employee] [restartedMain] j.LocalContainerEntityManagerFactoryBean : Initialized JPA EntityManagerFactory for persistence unit 'default'
2024-12-28T03:24:50.338+05:30  WARN [Employee,,] 21408 --- [Employee] [restartedMain] JpaBaseConfiguration$JpaWebConfiguration : spring.jpa.open-in-view is enabled by default. Therefore, database queries may be performed during view rendering. Explicitly configure spring.jpa.open-in-view to disable this warning
2024-12-28T03:24:50.688+05:30  INFO [Employee,,] 21408 --- [Employee] [restartedMain] o.s.b.d.a.OptionalLiveReloadServer       : LiveReload server is running on port 35729
2024-12-28T03:24:50.724+05:30  INFO [Employee,,] 21408 --- [Employee] [restartedMain] o.s.b.w.embedded.tomcat.TomcatWebServer  : Tomcat started on port 8091 (http) with context path '/employee/project'
2024-12-28T03:24:50.732+05:30  INFO [Employee,,] 21408 --- [Employee] [restartedMain] com.Employee.EmployeeApplication         : Started EmployeeApplication in 3.671 seconds (process running for 4.461)
2024-12-28T03:26:37.620+05:30  INFO [Employee,,] 21408 --- [Employee] [File Watcher] rtingClassPathChangeChangedEventListener : Restarting due to 1 class path change (0 additions, 0 deletions, 1 modification)
2024-12-28T03:26:37.627+05:30  INFO [Employee,,] 21408 --- [Employee] [Thread-5] o.s.b.w.e.tomcat.GracefulShutdown        : Commencing graceful shutdown. Waiting for active requests to complete
2024-12-28T03:26:37.642+05:30  INFO [Employee,,] 21408 --- [Employee] [tomcat-shutdown] o.s.b.w.e.tomcat.GracefulShutdown        : Graceful shutdown complete
2024-12-28T03:26:37.647+05:30  INFO [Employee,,] 21408 --- [Employee] [Thread-5] j.LocalContainerEntityManagerFactoryBean : Closing JPA EntityManagerFactory for persistence unit 'default'
2024-12-28T03:26:37.650+05:30  INFO [Employee,,] 21408 --- [Employee] [Thread-5] com.zaxxer.hikari.HikariDataSource       : HikariPool-1 - Shutdown initiated...
2024-12-28T03:26:37.657+05:30  INFO [Employee,,] 21408 --- [Employee] [Thread-5] com.zaxxer.hikari.HikariDataSource       : HikariPool-1 - Shutdown completed.
2024-12-28T03:26:37.736+05:30  INFO [Employee,,] 21408 --- [Employee] [restartedMain] com.Employee.EmployeeApplication         : Starting EmployeeApplication using Java 21.0.5 with PID 21408 (C:\git\pankaj-project\Employee\Employee-java\target\classes started by singh in C:\git\pankaj-project\Employee\Employee-java)
2024-12-28T03:26:37.736+05:30  INFO [Employee,,] 21408 --- [Employee] [restartedMain] com.Employee.EmployeeApplication         : No active profile set, falling back to 1 default profile: "default"
2024-12-28T03:26:37.860+05:30  INFO [Employee,,] 21408 --- [Employee] [restartedMain] .s.d.r.c.RepositoryConfigurationDelegate : Bootstrapping Spring Data JPA repositories in DEFAULT mode.
2024-12-28T03:26:37.861+05:30  INFO [Employee,,] 21408 --- [Employee] [restartedMain] .s.d.r.c.RepositoryConfigurationDelegate : Finished Spring Data repository scanning in 1 ms. Found 0 JPA repository interfaces.
2024-12-28T03:26:37.922+05:30  INFO [Employee,,] 21408 --- [Employee] [restartedMain] o.s.b.w.embedded.tomcat.TomcatWebServer  : Tomcat initialized with port 8091 (http)
2024-12-28T03:26:37.922+05:30  INFO [Employee,,] 21408 --- [Employee] [restartedMain] o.apache.catalina.core.StandardService   : Starting service [Tomcat]
2024-12-28T03:26:37.923+05:30  INFO [Employee,,] 21408 --- [Employee] [restartedMain] o.apache.catalina.core.StandardEngine    : Starting Servlet engine: [Apache Tomcat/10.1.34]
2024-12-28T03:26:37.935+05:30  INFO [Employee,,] 21408 --- [Employee] [restartedMain] o.a.c.c.C.[.[.[/employee/project]        : Initializing Spring embedded WebApplicationContext
2024-12-28T03:26:37.935+05:30  INFO [Employee,,] 21408 --- [Employee] [restartedMain] w.s.c.ServletWebServerApplicationContext : Root WebApplicationContext: initialization completed in 196 ms
2024-12-28T03:26:37.954+05:30  INFO [Employee,,] 21408 --- [Employee] [restartedMain] com.zaxxer.hikari.HikariDataSource       : HikariPool-2 - Starting...
2024-12-28T03:26:38.077+05:30  INFO [Employee,,] 21408 --- [Employee] [restartedMain] com.zaxxer.hikari.pool.HikariPool        : HikariPool-2 - Added connection org.postgresql.jdbc.PgConnection@417e209c
2024-12-28T03:26:38.077+05:30  INFO [Employee,,] 21408 --- [Employee] [restartedMain] com.zaxxer.hikari.HikariDataSource       : HikariPool-2 - Start completed.
2024-12-28T03:26:38.080+05:30  INFO [Employee,,] 21408 --- [Employee] [restartedMain] o.hibernate.jpa.internal.util.LogHelper  : HHH000204: Processing PersistenceUnitInfo [name: default]
2024-12-28T03:26:38.082+05:30  INFO [Employee,,] 21408 --- [Employee] [restartedMain] o.h.c.internal.RegionFactoryInitiator    : HHH000026: Second-level cache disabled
2024-12-28T03:26:38.089+05:30  INFO [Employee,,] 21408 --- [Employee] [restartedMain] o.s.o.j.p.SpringPersistenceUnitInfo      : No LoadTimeWeaver setup: ignoring JPA class transformer
2024-12-28T03:26:38.097+05:30  INFO [Employee,,] 21408 --- [Employee] [restartedMain] org.hibernate.orm.connections.pooling    : HHH10001005: Database info:
	Database JDBC URL [Connecting through datasource 'HikariDataSource (HikariPool-2)']
	Database driver: undefined/unknown
	Database version: 17.2
	Autocommit mode: undefined/unknown
	Isolation level: undefined/unknown
	Minimum pool size: undefined/unknown
	Maximum pool size: undefined/unknown
2024-12-28T03:26:38.109+05:30  INFO [Employee,,] 21408 --- [Employee] [restartedMain] o.h.e.t.j.p.i.JtaPlatformInitiator       : HHH000489: No JTA platform available (set 'hibernate.transaction.jta.platform' to enable JTA platform integration)
2024-12-28T03:26:38.109+05:30  INFO [Employee,,] 21408 --- [Employee] [restartedMain] j.LocalContainerEntityManagerFactoryBean : Initialized JPA EntityManagerFactory for persistence unit 'default'
2024-12-28T03:26:38.125+05:30  WARN [Employee,,] 21408 --- [Employee] [restartedMain] JpaBaseConfiguration$JpaWebConfiguration : spring.jpa.open-in-view is enabled by default. Therefore, database queries may be performed during view rendering. Explicitly configure spring.jpa.open-in-view to disable this warning
2024-12-28T03:26:38.211+05:30  INFO [Employee,,] 21408 --- [Employee] [restartedMain] o.s.b.d.a.OptionalLiveReloadServer       : LiveReload server is running on port 35729
2024-12-28T03:26:38.218+05:30  INFO [Employee,,] 21408 --- [Employee] [restartedMain] o.s.b.w.embedded.tomcat.TomcatWebServer  : Tomcat started on port 8091 (http) with context path '/employee/project'
2024-12-28T03:26:38.221+05:30  INFO [Employee,,] 21408 --- [Employee] [restartedMain] com.Employee.EmployeeApplication         : Started EmployeeApplication in 0.511 seconds (process running for 111.949)
2024-12-28T03:26:38.223+05:30  INFO [Employee,,] 21408 --- [Employee] [restartedMain] .ConditionEvaluationDeltaLoggingListener : Condition evaluation unchanged
2024-12-28T03:26:39.639+05:30  INFO [Employee,,] 21408 --- [Employee] [File Watcher] rtingClassPathChangeChangedEventListener : Restarting due to 1 class path change (0 additions, 0 deletions, 1 modification)
2024-12-28T03:26:39.642+05:30  INFO [Employee,,] 21408 --- [Employee] [Thread-7] o.s.b.w.e.tomcat.GracefulShutdown        : Commencing graceful shutdown. Waiting for active requests to complete
2024-12-28T03:26:39.652+05:30  INFO [Employee,,] 21408 --- [Employee] [tomcat-shutdown] o.s.b.w.e.tomcat.GracefulShutdown        : Graceful shutdown complete
2024-12-28T03:26:39.654+05:30  INFO [Employee,,] 21408 --- [Employee] [Thread-7] j.LocalContainerEntityManagerFactoryBean : Closing JPA EntityManagerFactory for persistence unit 'default'
2024-12-28T03:26:39.655+05:30  INFO [Employee,,] 21408 --- [Employee] [Thread-7] com.zaxxer.hikari.HikariDataSource       : HikariPool-2 - Shutdown initiated...
2024-12-28T03:26:39.662+05:30  INFO [Employee,,] 21408 --- [Employee] [Thread-7] com.zaxxer.hikari.HikariDataSource       : HikariPool-2 - Shutdown completed.
2024-12-28T03:26:39.727+05:30  INFO [Employee,,] 21408 --- [Employee] [restartedMain] com.Employee.EmployeeApplication         : Starting EmployeeApplication using Java 21.0.5 with PID 21408 (C:\git\pankaj-project\Employee\Employee-java\target\classes started by singh in C:\git\pankaj-project\Employee\Employee-java)
2024-12-28T03:26:39.728+05:30  INFO [Employee,,] 21408 --- [Employee] [restartedMain] com.Employee.EmployeeApplication         : No active profile set, falling back to 1 default profile: "default"
2024-12-28T03:26:39.838+05:30  INFO [Employee,,] 21408 --- [Employee] [restartedMain] .s.d.r.c.RepositoryConfigurationDelegate : Bootstrapping Spring Data JPA repositories in DEFAULT mode.
2024-12-28T03:26:39.842+05:30  INFO [Employee,,] 21408 --- [Employee] [restartedMain] .s.d.r.c.RepositoryConfigurationDelegate : Finished Spring Data repository scanning in 2 ms. Found 0 JPA repository interfaces.
2024-12-28T03:26:39.902+05:30  INFO [Employee,,] 21408 --- [Employee] [restartedMain] o.s.b.w.embedded.tomcat.TomcatWebServer  : Tomcat initialized with port 8091 (http)
2024-12-28T03:26:39.902+05:30  INFO [Employee,,] 21408 --- [Employee] [restartedMain] o.apache.catalina.core.StandardService   : Starting service [Tomcat]
2024-12-28T03:26:39.903+05:30  INFO [Employee,,] 21408 --- [Employee] [restartedMain] o.apache.catalina.core.StandardEngine    : Starting Servlet engine: [Apache Tomcat/10.1.34]
2024-12-28T03:26:39.917+05:30  INFO [Employee,,] 21408 --- [Employee] [restartedMain] o.a.c.c.C.[.[.[/employee/project]        : Initializing Spring embedded WebApplicationContext
2024-12-28T03:26:39.918+05:30  INFO [Employee,,] 21408 --- [Employee] [restartedMain] w.s.c.ServletWebServerApplicationContext : Root WebApplicationContext: initialization completed in 189 ms
2024-12-28T03:26:39.937+05:30  INFO [Employee,,] 21408 --- [Employee] [restartedMain] com.zaxxer.hikari.HikariDataSource       : HikariPool-3 - Starting...
2024-12-28T03:26:40.037+05:30  INFO [Employee,,] 21408 --- [Employee] [restartedMain] com.zaxxer.hikari.pool.HikariPool        : HikariPool-3 - Added connection org.postgresql.jdbc.PgConnection@5ed16358
2024-12-28T03:26:40.037+05:30  INFO [Employee,,] 21408 --- [Employee] [restartedMain] com.zaxxer.hikari.HikariDataSource       : HikariPool-3 - Start completed.
2024-12-28T03:26:40.042+05:30  INFO [Employee,,] 21408 --- [Employee] [restartedMain] o.hibernate.jpa.internal.util.LogHelper  : HHH000204: Processing PersistenceUnitInfo [name: default]
2024-12-28T03:26:40.045+05:30  INFO [Employee,,] 21408 --- [Employee] [restartedMain] o.h.c.internal.RegionFactoryInitiator    : HHH000026: Second-level cache disabled
2024-12-28T03:26:40.054+05:30  INFO [Employee,,] 21408 --- [Employee] [restartedMain] o.s.o.j.p.SpringPersistenceUnitInfo      : No LoadTimeWeaver setup: ignoring JPA class transformer
2024-12-28T03:26:40.063+05:30  INFO [Employee,,] 21408 --- [Employee] [restartedMain] org.hibernate.orm.connections.pooling    : HHH10001005: Database info:
	Database JDBC URL [Connecting through datasource 'HikariDataSource (HikariPool-3)']
	Database driver: undefined/unknown
	Database version: 17.2
	Autocommit mode: undefined/unknown
	Isolation level: undefined/unknown
	Minimum pool size: undefined/unknown
	Maximum pool size: undefined/unknown
2024-12-28T03:26:40.074+05:30  INFO [Employee,,] 21408 --- [Employee] [restartedMain] o.h.e.t.j.p.i.JtaPlatformInitiator       : HHH000489: No JTA platform available (set 'hibernate.transaction.jta.platform' to enable JTA platform integration)
2024-12-28T03:26:40.075+05:30  INFO [Employee,,] 21408 --- [Employee] [restartedMain] j.LocalContainerEntityManagerFactoryBean : Initialized JPA EntityManagerFactory for persistence unit 'default'
2024-12-28T03:26:40.087+05:30  WARN [Employee,,] 21408 --- [Employee] [restartedMain] JpaBaseConfiguration$JpaWebConfiguration : spring.jpa.open-in-view is enabled by default. Therefore, database queries may be performed during view rendering. Explicitly configure spring.jpa.open-in-view to disable this warning
2024-12-28T03:26:40.153+05:30  INFO [Employee,,] 21408 --- [Employee] [restartedMain] o.s.b.d.a.OptionalLiveReloadServer       : LiveReload server is running on port 35729
2024-12-28T03:26:40.163+05:30  INFO [Employee,,] 21408 --- [Employee] [restartedMain] o.s.b.w.embedded.tomcat.TomcatWebServer  : Tomcat started on port 8091 (http) with context path '/employee/project'
2024-12-28T03:26:40.166+05:30  INFO [Employee,,] 21408 --- [Employee] [restartedMain] com.Employee.EmployeeApplication         : Started EmployeeApplication in 0.459 seconds (process running for 113.894)
2024-12-28T03:26:40.168+05:30  INFO [Employee,,] 21408 --- [Employee] [restartedMain] .ConditionEvaluationDeltaLoggingListener : Condition evaluation unchanged
2024-12-28T03:27:57.198+05:30  INFO [Employee,,] 21408 --- [Employee] [File Watcher] rtingClassPathChangeChangedEventListener : Restarting due to 1 class path change (0 additions, 0 deletions, 1 modification)
2024-12-28T03:27:57.201+05:30  INFO [Employee,,] 21408 --- [Employee] [Thread-11] o.s.b.w.e.tomcat.GracefulShutdown        : Commencing graceful shutdown. Waiting for active requests to complete
2024-12-28T03:27:57.217+05:30  INFO [Employee,,] 21408 --- [Employee] [tomcat-shutdown] o.s.b.w.e.tomcat.GracefulShutdown        : Graceful shutdown complete
2024-12-28T03:27:57.219+05:30  INFO [Employee,,] 21408 --- [Employee] [Thread-11] j.LocalContainerEntityManagerFactoryBean : Closing JPA EntityManagerFactory for persistence unit 'default'
2024-12-28T03:27:57.221+05:30  INFO [Employee,,] 21408 --- [Employee] [Thread-11] com.zaxxer.hikari.HikariDataSource       : HikariPool-3 - Shutdown initiated...
2024-12-28T03:27:57.228+05:30  INFO [Employee,,] 21408 --- [Employee] [Thread-11] com.zaxxer.hikari.HikariDataSource       : HikariPool-3 - Shutdown completed.
2024-12-28T03:27:57.294+05:30  INFO [Employee,,] 21408 --- [Employee] [restartedMain] com.Employee.EmployeeApplication         : Starting EmployeeApplication using Java 21.0.5 with PID 21408 (C:\git\pankaj-project\Employee\Employee-java\target\classes started by singh in C:\git\pankaj-project\Employee\Employee-java)
2024-12-28T03:27:57.294+05:30  INFO [Employee,,] 21408 --- [Employee] [restartedMain] com.Employee.EmployeeApplication         : No active profile set, falling back to 1 default profile: "default"
2024-12-28T03:27:57.384+05:30  INFO [Employee,,] 21408 --- [Employee] [restartedMain] .s.d.r.c.RepositoryConfigurationDelegate : Bootstrapping Spring Data JPA repositories in DEFAULT mode.
2024-12-28T03:27:57.386+05:30  INFO [Employee,,] 21408 --- [Employee] [restartedMain] .s.d.r.c.RepositoryConfigurationDelegate : Finished Spring Data repository scanning in 1 ms. Found 0 JPA repository interfaces.
2024-12-28T03:27:57.432+05:30  INFO [Employee,,] 21408 --- [Employee] [restartedMain] o.s.b.w.embedded.tomcat.TomcatWebServer  : Tomcat initialized with port 8091 (http)
2024-12-28T03:27:57.433+05:30  INFO [Employee,,] 21408 --- [Employee] [restartedMain] o.apache.catalina.core.StandardService   : Starting service [Tomcat]
2024-12-28T03:27:57.433+05:30  INFO [Employee,,] 21408 --- [Employee] [restartedMain] o.apache.catalina.core.StandardEngine    : Starting Servlet engine: [Apache Tomcat/10.1.34]
2024-12-28T03:27:57.445+05:30  INFO [Employee,,] 21408 --- [Employee] [restartedMain] o.a.c.c.C.[.[.[/employee/project]        : Initializing Spring embedded WebApplicationContext
2024-12-28T03:27:57.446+05:30  INFO [Employee,,] 21408 --- [Employee] [restartedMain] w.s.c.ServletWebServerApplicationContext : Root WebApplicationContext: initialization completed in 151 ms
2024-12-28T03:27:57.463+05:30  INFO [Employee,,] 21408 --- [Employee] [restartedMain] com.zaxxer.hikari.HikariDataSource       : HikariPool-4 - Starting...
2024-12-28T03:27:57.566+05:30  INFO [Employee,,] 21408 --- [Employee] [restartedMain] com.zaxxer.hikari.pool.HikariPool        : HikariPool-4 - Added connection org.postgresql.jdbc.PgConnection@647e6287
2024-12-28T03:27:57.566+05:30  INFO [Employee,,] 21408 --- [Employee] [restartedMain] com.zaxxer.hikari.HikariDataSource       : HikariPool-4 - Start completed.
2024-12-28T03:27:57.569+05:30  INFO [Employee,,] 21408 --- [Employee] [restartedMain] o.hibernate.jpa.internal.util.LogHelper  : HHH000204: Processing PersistenceUnitInfo [name: default]
2024-12-28T03:27:57.571+05:30  INFO [Employee,,] 21408 --- [Employee] [restartedMain] o.h.c.internal.RegionFactoryInitiator    : HHH000026: Second-level cache disabled
2024-12-28T03:27:57.576+05:30  INFO [Employee,,] 21408 --- [Employee] [restartedMain] o.s.o.j.p.SpringPersistenceUnitInfo      : No LoadTimeWeaver setup: ignoring JPA class transformer
2024-12-28T03:27:57.583+05:30  INFO [Employee,,] 21408 --- [Employee] [restartedMain] org.hibernate.orm.connections.pooling    : HHH10001005: Database info:
	Database JDBC URL [Connecting through datasource 'HikariDataSource (HikariPool-4)']
	Database driver: undefined/unknown
	Database version: 17.2
	Autocommit mode: undefined/unknown
	Isolation level: undefined/unknown
	Minimum pool size: undefined/unknown
	Maximum pool size: undefined/unknown
2024-12-28T03:27:57.595+05:30  INFO [Employee,,] 21408 --- [Employee] [restartedMain] o.h.e.t.j.p.i.JtaPlatformInitiator       : HHH000489: No JTA platform available (set 'hibernate.transaction.jta.platform' to enable JTA platform integration)
2024-12-28T03:27:57.595+05:30  INFO [Employee,,] 21408 --- [Employee] [restartedMain] j.LocalContainerEntityManagerFactoryBean : Initialized JPA EntityManagerFactory for persistence unit 'default'
2024-12-28T03:27:57.607+05:30  WARN [Employee,,] 21408 --- [Employee] [restartedMain] JpaBaseConfiguration$JpaWebConfiguration : spring.jpa.open-in-view is enabled by default. Therefore, database queries may be performed during view rendering. Explicitly configure spring.jpa.open-in-view to disable this warning
2024-12-28T03:27:57.672+05:30  INFO [Employee,,] 21408 --- [Employee] [restartedMain] o.s.b.d.a.OptionalLiveReloadServer       : LiveReload server is running on port 35729
2024-12-28T03:27:57.681+05:30  INFO [Employee,,] 21408 --- [Employee] [restartedMain] o.s.b.w.embedded.tomcat.TomcatWebServer  : Tomcat started on port 8091 (http) with context path '/employee/project'
2024-12-28T03:27:57.685+05:30  INFO [Employee,,] 21408 --- [Employee] [restartedMain] com.Employee.EmployeeApplication         : Started EmployeeApplication in 0.411 seconds (process running for 191.414)
2024-12-28T03:27:57.688+05:30  INFO [Employee,,] 21408 --- [Employee] [restartedMain] .ConditionEvaluationDeltaLoggingListener : Condition evaluation unchanged
2024-12-28T03:28:07.392+05:30  INFO [Employee,,] 21408 --- [Employee] [http-nio-8091-exec-1] o.a.c.c.C.[.[.[/employee/project]        : Initializing Spring DispatcherServlet 'dispatcherServlet'
2024-12-28T03:28:07.397+05:30  INFO [Employee,,] 21408 --- [Employee] [http-nio-8091-exec-1] o.s.web.servlet.DispatcherServlet        : Initializing Servlet 'dispatcherServlet'
2024-12-28T03:28:07.403+05:30  INFO [Employee,,] 21408 --- [Employee] [http-nio-8091-exec-1] o.s.web.servlet.DispatcherServlet        : Completed initialization in 4 ms
2024-12-28T03:28:23.497+05:30  INFO [Employee,,] 21408 --- [Employee] [File Watcher] rtingClassPathChangeChangedEventListener : Restarting due to 1 class path change (0 additions, 0 deletions, 1 modification)
2024-12-28T03:28:23.499+05:30  INFO [Employee,,] 21408 --- [Employee] [Thread-15] o.s.b.w.e.tomcat.GracefulShutdown        : Commencing graceful shutdown. Waiting for active requests to complete
2024-12-28T03:28:23.514+05:30  INFO [Employee,,] 21408 --- [Employee] [tomcat-shutdown] o.s.b.w.e.tomcat.GracefulShutdown        : Graceful shutdown complete
2024-12-28T03:28:23.516+05:30  INFO [Employee,,] 21408 --- [Employee] [Thread-15] j.LocalContainerEntityManagerFactoryBean : Closing JPA EntityManagerFactory for persistence unit 'default'
2024-12-28T03:28:23.516+05:30  INFO [Employee,,] 21408 --- [Employee] [Thread-15] com.zaxxer.hikari.HikariDataSource       : HikariPool-4 - Shutdown initiated...
2024-12-28T03:28:23.523+05:30  INFO [Employee,,] 21408 --- [Employee] [Thread-15] com.zaxxer.hikari.HikariDataSource       : HikariPool-4 - Shutdown completed.
2024-12-28T03:28:23.587+05:30  INFO [Employee,,] 21408 --- [Employee] [restartedMain] com.Employee.EmployeeApplication         : Starting EmployeeApplication using Java 21.0.5 with PID 21408 (C:\git\pankaj-project\Employee\Employee-java\target\classes started by singh in C:\git\pankaj-project\Employee\Employee-java)
2024-12-28T03:28:23.587+05:30  INFO [Employee,,] 21408 --- [Employee] [restartedMain] com.Employee.EmployeeApplication         : No active profile set, falling back to 1 default profile: "default"
2024-12-28T03:28:23.694+05:30  INFO [Employee,,] 21408 --- [Employee] [restartedMain] .s.d.r.c.RepositoryConfigurationDelegate : Bootstrapping Spring Data JPA repositories in DEFAULT mode.
2024-12-28T03:28:23.697+05:30  INFO [Employee,,] 21408 --- [Employee] [restartedMain] .s.d.r.c.RepositoryConfigurationDelegate : Finished Spring Data repository scanning in 1 ms. Found 0 JPA repository interfaces.
2024-12-28T03:28:23.748+05:30  INFO [Employee,,] 21408 --- [Employee] [restartedMain] o.s.b.w.embedded.tomcat.TomcatWebServer  : Tomcat initialized with port 8091 (http)
2024-12-28T03:28:23.748+05:30  INFO [Employee,,] 21408 --- [Employee] [restartedMain] o.apache.catalina.core.StandardService   : Starting service [Tomcat]
2024-12-28T03:28:23.751+05:30  INFO [Employee,,] 21408 --- [Employee] [restartedMain] o.apache.catalina.core.StandardEngine    : Starting Servlet engine: [Apache Tomcat/10.1.34]
2024-12-28T03:28:23.765+05:30  INFO [Employee,,] 21408 --- [Employee] [restartedMain] o.a.c.c.C.[.[.[/employee/project]        : Initializing Spring embedded WebApplicationContext
2024-12-28T03:28:23.765+05:30  INFO [Employee,,] 21408 --- [Employee] [restartedMain] w.s.c.ServletWebServerApplicationContext : Root WebApplicationContext: initialization completed in 176 ms
2024-12-28T03:28:23.785+05:30  INFO [Employee,,] 21408 --- [Employee] [restartedMain] com.zaxxer.hikari.HikariDataSource       : HikariPool-5 - Starting...
2024-12-28T03:28:23.886+05:30  INFO [Employee,,] 21408 --- [Employee] [restartedMain] com.zaxxer.hikari.pool.HikariPool        : HikariPool-5 - Added connection org.postgresql.jdbc.PgConnection@10721e08
2024-12-28T03:28:23.886+05:30  INFO [Employee,,] 21408 --- [Employee] [restartedMain] com.zaxxer.hikari.HikariDataSource       : HikariPool-5 - Start completed.
2024-12-28T03:28:23.890+05:30  INFO [Employee,,] 21408 --- [Employee] [restartedMain] o.hibernate.jpa.internal.util.LogHelper  : HHH000204: Processing PersistenceUnitInfo [name: default]
2024-12-28T03:28:23.891+05:30  INFO [Employee,,] 21408 --- [Employee] [restartedMain] o.h.c.internal.RegionFactoryInitiator    : HHH000026: Second-level cache disabled
2024-12-28T03:28:23.897+05:30  INFO [Employee,,] 21408 --- [Employee] [restartedMain] o.s.o.j.p.SpringPersistenceUnitInfo      : No LoadTimeWeaver setup: ignoring JPA class transformer
2024-12-28T03:28:23.904+05:30  INFO [Employee,,] 21408 --- [Employee] [restartedMain] org.hibernate.orm.connections.pooling    : HHH10001005: Database info:
	Database JDBC URL [Connecting through datasource 'HikariDataSource (HikariPool-5)']
	Database driver: undefined/unknown
	Database version: 17.2
	Autocommit mode: undefined/unknown
	Isolation level: undefined/unknown
	Minimum pool size: undefined/unknown
	Maximum pool size: undefined/unknown
2024-12-28T03:28:23.915+05:30  INFO [Employee,,] 21408 --- [Employee] [restartedMain] o.h.e.t.j.p.i.JtaPlatformInitiator       : HHH000489: No JTA platform available (set 'hibernate.transaction.jta.platform' to enable JTA platform integration)
2024-12-28T03:28:23.916+05:30  INFO [Employee,,] 21408 --- [Employee] [restartedMain] j.LocalContainerEntityManagerFactoryBean : Initialized JPA EntityManagerFactory for persistence unit 'default'
2024-12-28T03:28:23.927+05:30  WARN [Employee,,] 21408 --- [Employee] [restartedMain] JpaBaseConfiguration$JpaWebConfiguration : spring.jpa.open-in-view is enabled by default. Therefore, database queries may be performed during view rendering. Explicitly configure spring.jpa.open-in-view to disable this warning
2024-12-28T03:28:24.003+05:30  INFO [Employee,,] 21408 --- [Employee] [restartedMain] o.s.b.d.a.OptionalLiveReloadServer       : LiveReload server is running on port 35729
2024-12-28T03:28:24.012+05:30  INFO [Employee,,] 21408 --- [Employee] [restartedMain] o.s.b.w.embedded.tomcat.TomcatWebServer  : Tomcat started on port 8091 (http) with context path '/employee/project'
2024-12-28T03:28:24.014+05:30  INFO [Employee,,] 21408 --- [Employee] [restartedMain] com.Employee.EmployeeApplication         : Started EmployeeApplication in 0.447 seconds (process running for 217.743)
2024-12-28T03:28:24.015+05:30  INFO [Employee,,] 21408 --- [Employee] [restartedMain] .ConditionEvaluationDeltaLoggingListener : Condition evaluation unchanged
2024-12-28T03:28:26.170+05:30  INFO [Employee,,] 21408 --- [Employee] [http-nio-8091-exec-1] o.a.c.c.C.[.[.[/employee/project]        : Initializing Spring DispatcherServlet 'dispatcherServlet'
2024-12-28T03:28:26.171+05:30  INFO [Employee,,] 21408 --- [Employee] [http-nio-8091-exec-1] o.s.web.servlet.DispatcherServlet        : Initializing Servlet 'dispatcherServlet'
2024-12-28T03:28:26.173+05:30  INFO [Employee,,] 21408 --- [Employee] [http-nio-8091-exec-1] o.s.web.servlet.DispatcherServlet        : Completed initialization in 2 ms
2024-12-28T03:28:37.661+05:30  INFO [Employee,,] 21408 --- [Employee] [File Watcher] rtingClassPathChangeChangedEventListener : Restarting due to 1 class path change (0 additions, 0 deletions, 1 modification)
2024-12-28T03:28:37.663+05:30  INFO [Employee,,] 21408 --- [Employee] [Thread-19] o.s.b.w.e.tomcat.GracefulShutdown        : Commencing graceful shutdown. Waiting for active requests to complete
2024-12-28T03:28:37.676+05:30  INFO [Employee,,] 21408 --- [Employee] [tomcat-shutdown] o.s.b.w.e.tomcat.GracefulShutdown        : Graceful shutdown complete
2024-12-28T03:28:37.678+05:30  INFO [Employee,,] 21408 --- [Employee] [Thread-19] j.LocalContainerEntityManagerFactoryBean : Closing JPA EntityManagerFactory for persistence unit 'default'
2024-12-28T03:28:37.679+05:30  INFO [Employee,,] 21408 --- [Employee] [Thread-19] com.zaxxer.hikari.HikariDataSource       : HikariPool-5 - Shutdown initiated...
2024-12-28T03:28:37.686+05:30  INFO [Employee,,] 21408 --- [Employee] [Thread-19] com.zaxxer.hikari.HikariDataSource       : HikariPool-5 - Shutdown completed.
2024-12-28T03:28:37.753+05:30  INFO [Employee,,] 21408 --- [Employee] [restartedMain] com.Employee.EmployeeApplication         : Starting EmployeeApplication using Java 21.0.5 with PID 21408 (C:\git\pankaj-project\Employee\Employee-java\target\classes started by singh in C:\git\pankaj-project\Employee\Employee-java)
2024-12-28T03:28:37.754+05:30  INFO [Employee,,] 21408 --- [Employee] [restartedMain] com.Employee.EmployeeApplication         : No active profile set, falling back to 1 default profile: "default"
2024-12-28T03:28:37.837+05:30  INFO [Employee,,] 21408 --- [Employee] [restartedMain] .s.d.r.c.RepositoryConfigurationDelegate : Bootstrapping Spring Data JPA repositories in DEFAULT mode.
2024-12-28T03:28:37.840+05:30  INFO [Employee,,] 21408 --- [Employee] [restartedMain] .s.d.r.c.RepositoryConfigurationDelegate : Finished Spring Data repository scanning in 1 ms. Found 0 JPA repository interfaces.
2024-12-28T03:28:37.886+05:30  INFO [Employee,,] 21408 --- [Employee] [restartedMain] o.s.b.w.embedded.tomcat.TomcatWebServer  : Tomcat initialized with port 8091 (http)
2024-12-28T03:28:37.887+05:30  INFO [Employee,,] 21408 --- [Employee] [restartedMain] o.apache.catalina.core.StandardService   : Starting service [Tomcat]
2024-12-28T03:28:37.887+05:30  INFO [Employee,,] 21408 --- [Employee] [restartedMain] o.apache.catalina.core.StandardEngine    : Starting Servlet engine: [Apache Tomcat/10.1.34]
2024-12-28T03:28:37.898+05:30  INFO [Employee,,] 21408 --- [Employee] [restartedMain] o.a.c.c.C.[.[.[/employee/project]        : Initializing Spring embedded WebApplicationContext
2024-12-28T03:28:37.898+05:30  INFO [Employee,,] 21408 --- [Employee] [restartedMain] w.s.c.ServletWebServerApplicationContext : Root WebApplicationContext: initialization completed in 143 ms
2024-12-28T03:28:37.914+05:30  INFO [Employee,,] 21408 --- [Employee] [restartedMain] com.zaxxer.hikari.HikariDataSource       : HikariPool-6 - Starting...
2024-12-28T03:28:38.099+05:30  INFO [Employee,,] 21408 --- [Employee] [restartedMain] com.zaxxer.hikari.pool.HikariPool        : HikariPool-6 - Added connection org.postgresql.jdbc.PgConnection@5d65e1fb
2024-12-28T03:28:38.099+05:30  INFO [Employee,,] 21408 --- [Employee] [restartedMain] com.zaxxer.hikari.HikariDataSource       : HikariPool-6 - Start completed.
2024-12-28T03:28:38.102+05:30  INFO [Employee,,] 21408 --- [Employee] [restartedMain] o.hibernate.jpa.internal.util.LogHelper  : HHH000204: Processing PersistenceUnitInfo [name: default]
2024-12-28T03:28:38.104+05:30  INFO [Employee,,] 21408 --- [Employee] [restartedMain] o.h.c.internal.RegionFactoryInitiator    : HHH000026: Second-level cache disabled
2024-12-28T03:28:38.109+05:30  INFO [Employee,,] 21408 --- [Employee] [restartedMain] o.s.o.j.p.SpringPersistenceUnitInfo      : No LoadTimeWeaver setup: ignoring JPA class transformer
2024-12-28T03:28:38.117+05:30  INFO [Employee,,] 21408 --- [Employee] [restartedMain] org.hibernate.orm.connections.pooling    : HHH10001005: Database info:
	Database JDBC URL [Connecting through datasource 'HikariDataSource (HikariPool-6)']
	Database driver: undefined/unknown
	Database version: 17.2
	Autocommit mode: undefined/unknown
	Isolation level: undefined/unknown
	Minimum pool size: undefined/unknown
	Maximum pool size: undefined/unknown
2024-12-28T03:28:38.128+05:30  INFO [Employee,,] 21408 --- [Employee] [restartedMain] o.h.e.t.j.p.i.JtaPlatformInitiator       : HHH000489: No JTA platform available (set 'hibernate.transaction.jta.platform' to enable JTA platform integration)
2024-12-28T03:28:38.128+05:30  INFO [Employee,,] 21408 --- [Employee] [restartedMain] j.LocalContainerEntityManagerFactoryBean : Initialized JPA EntityManagerFactory for persistence unit 'default'
2024-12-28T03:28:38.141+05:30  WARN [Employee,,] 21408 --- [Employee] [restartedMain] JpaBaseConfiguration$JpaWebConfiguration : spring.jpa.open-in-view is enabled by default. Therefore, database queries may be performed during view rendering. Explicitly configure spring.jpa.open-in-view to disable this warning
2024-12-28T03:28:38.203+05:30  INFO [Employee,,] 21408 --- [Employee] [restartedMain] o.s.b.d.a.OptionalLiveReloadServer       : LiveReload server is running on port 35729
2024-12-28T03:28:38.210+05:30  INFO [Employee,,] 21408 --- [Employee] [restartedMain] o.s.b.w.embedded.tomcat.TomcatWebServer  : Tomcat started on port 8091 (http) with context path '/employee/project'
2024-12-28T03:28:38.214+05:30  INFO [Employee,,] 21408 --- [Employee] [restartedMain] com.Employee.EmployeeApplication         : Started EmployeeApplication in 0.481 seconds (process running for 231.943)
2024-12-28T03:28:38.217+05:30  INFO [Employee,,] 21408 --- [Employee] [restartedMain] .ConditionEvaluationDeltaLoggingListener : Condition evaluation unchanged
2024-12-28T03:41:06.721+05:30  INFO [Employee,,] 21408 --- [Employee] [File Watcher] rtingClassPathChangeChangedEventListener : Restarting due to 1 class path change (0 additions, 0 deletions, 1 modification)
2024-12-28T03:41:06.724+05:30  INFO [Employee,,] 21408 --- [Employee] [Thread-23] o.s.b.w.e.tomcat.GracefulShutdown        : Commencing graceful shutdown. Waiting for active requests to complete
2024-12-28T03:41:06.736+05:30  INFO [Employee,,] 21408 --- [Employee] [tomcat-shutdown] o.s.b.w.e.tomcat.GracefulShutdown        : Graceful shutdown complete
2024-12-28T03:41:06.738+05:30  INFO [Employee,,] 21408 --- [Employee] [Thread-23] j.LocalContainerEntityManagerFactoryBean : Closing JPA EntityManagerFactory for persistence unit 'default'
2024-12-28T03:41:06.739+05:30  INFO [Employee,,] 21408 --- [Employee] [Thread-23] com.zaxxer.hikari.HikariDataSource       : HikariPool-6 - Shutdown initiated...
2024-12-28T03:41:06.750+05:30  INFO [Employee,,] 21408 --- [Employee] [Thread-23] com.zaxxer.hikari.HikariDataSource       : HikariPool-6 - Shutdown completed.
2024-12-28T03:41:06.817+05:30  INFO [Employee,,] 21408 --- [Employee] [restartedMain] com.Employee.EmployeeApplication         : Starting EmployeeApplication using Java 21.0.5 with PID 21408 (C:\git\pankaj-project\Employee\Employee-java\target\classes started by singh in C:\git\pankaj-project\Employee\Employee-java)
2024-12-28T03:41:06.817+05:30  INFO [Employee,,] 21408 --- [Employee] [restartedMain] com.Employee.EmployeeApplication         : No active profile set, falling back to 1 default profile: "default"
2024-12-28T03:41:06.900+05:30  INFO [Employee,,] 21408 --- [Employee] [restartedMain] .s.d.r.c.RepositoryConfigurationDelegate : Bootstrapping Spring Data JPA repositories in DEFAULT mode.
2024-12-28T03:41:06.902+05:30  INFO [Employee,,] 21408 --- [Employee] [restartedMain] .s.d.r.c.RepositoryConfigurationDelegate : Finished Spring Data repository scanning in 1 ms. Found 0 JPA repository interfaces.
2024-12-28T03:41:06.950+05:30  INFO [Employee,,] 21408 --- [Employee] [restartedMain] o.s.b.w.embedded.tomcat.TomcatWebServer  : Tomcat initialized with port 8091 (http)
2024-12-28T03:41:06.950+05:30  INFO [Employee,,] 21408 --- [Employee] [restartedMain] o.apache.catalina.core.StandardService   : Starting service [Tomcat]
2024-12-28T03:41:06.950+05:30  INFO [Employee,,] 21408 --- [Employee] [restartedMain] o.apache.catalina.core.StandardEngine    : Starting Servlet engine: [Apache Tomcat/10.1.34]
2024-12-28T03:41:06.962+05:30  INFO [Employee,,] 21408 --- [Employee] [restartedMain] o.a.c.c.C.[.[.[/employee/project]        : Initializing Spring embedded WebApplicationContext
2024-12-28T03:41:06.962+05:30  INFO [Employee,,] 21408 --- [Employee] [restartedMain] w.s.c.ServletWebServerApplicationContext : Root WebApplicationContext: initialization completed in 144 ms
2024-12-28T03:41:06.978+05:30  INFO [Employee,,] 21408 --- [Employee] [restartedMain] com.zaxxer.hikari.HikariDataSource       : HikariPool-7 - Starting...
2024-12-28T03:41:07.198+05:30  INFO [Employee,,] 21408 --- [Employee] [restartedMain] com.zaxxer.hikari.pool.HikariPool        : HikariPool-7 - Added connection org.postgresql.jdbc.PgConnection@39eb8ec2
2024-12-28T03:41:07.198+05:30  INFO [Employee,,] 21408 --- [Employee] [restartedMain] com.zaxxer.hikari.HikariDataSource       : HikariPool-7 - Start completed.
2024-12-28T03:41:07.201+05:30  INFO [Employee,,] 21408 --- [Employee] [restartedMain] o.hibernate.jpa.internal.util.LogHelper  : HHH000204: Processing PersistenceUnitInfo [name: default]
2024-12-28T03:41:07.202+05:30  INFO [Employee,,] 21408 --- [Employee] [restartedMain] o.h.c.internal.RegionFactoryInitiator    : HHH000026: Second-level cache disabled
2024-12-28T03:41:07.208+05:30  INFO [Employee,,] 21408 --- [Employee] [restartedMain] o.s.o.j.p.SpringPersistenceUnitInfo      : No LoadTimeWeaver setup: ignoring JPA class transformer
2024-12-28T03:41:07.215+05:30  INFO [Employee,,] 21408 --- [Employee] [restartedMain] org.hibernate.orm.connections.pooling    : HHH10001005: Database info:
	Database JDBC URL [Connecting through datasource 'HikariDataSource (HikariPool-7)']
	Database driver: undefined/unknown
	Database version: 17.2
	Autocommit mode: undefined/unknown
	Isolation level: undefined/unknown
	Minimum pool size: undefined/unknown
	Maximum pool size: undefined/unknown
2024-12-28T03:41:07.719+05:30  INFO [Employee,,] 21408 --- [Employee] [restartedMain] o.h.e.t.j.p.i.JtaPlatformInitiator       : HHH000489: No JTA platform available (set 'hibernate.transaction.jta.platform' to enable JTA platform integration)
2024-12-28T03:41:07.719+05:30  INFO [Employee,,] 21408 --- [Employee] [restartedMain] j.LocalContainerEntityManagerFactoryBean : Initialized JPA EntityManagerFactory for persistence unit 'default'
2024-12-28T03:41:07.729+05:30  WARN [Employee,,] 21408 --- [Employee] [restartedMain] JpaBaseConfiguration$JpaWebConfiguration : spring.jpa.open-in-view is enabled by default. Therefore, database queries may be performed during view rendering. Explicitly configure spring.jpa.open-in-view to disable this warning
2024-12-28T03:41:07.793+05:30  INFO [Employee,,] 21408 --- [Employee] [restartedMain] o.s.b.d.a.OptionalLiveReloadServer       : LiveReload server is running on port 35729
2024-12-28T03:41:07.803+05:30  INFO [Employee,,] 21408 --- [Employee] [restartedMain] o.s.b.w.embedded.tomcat.TomcatWebServer  : Tomcat started on port 8091 (http) with context path '/employee/project'
2024-12-28T03:41:07.805+05:30  INFO [Employee,,] 21408 --- [Employee] [restartedMain] com.Employee.EmployeeApplication         : Started EmployeeApplication in 1.005 seconds (process running for 981.533)
2024-12-28T03:41:07.806+05:30  INFO [Employee,,] 21408 --- [Employee] [restartedMain] .ConditionEvaluationDeltaLoggingListener : Condition evaluation unchanged
2024-12-28T03:41:10.681+05:30  INFO [Employee,,] 21408 --- [Employee] [RMI TCP Connection(37)-127.0.0.1] inMXBeanRegistrar$SpringApplicationAdmin : Application shutdown requested.
2024-12-28T03:41:10.681+05:30  INFO [Employee,,] 21408 --- [Employee] [RMI TCP Connection(37)-127.0.0.1] o.s.b.w.e.tomcat.GracefulShutdown        : Commencing graceful shutdown. Waiting for active requests to complete
2024-12-28T03:41:10.692+05:30  INFO [Employee,,] 21408 --- [Employee] [tomcat-shutdown] o.s.b.w.e.tomcat.GracefulShutdown        : Graceful shutdown complete
2024-12-28T03:41:10.695+05:30  INFO [Employee,,] 21408 --- [Employee] [RMI TCP Connection(37)-127.0.0.1] j.LocalContainerEntityManagerFactoryBean : Closing JPA EntityManagerFactory for persistence unit 'default'
2024-12-28T03:41:10.696+05:30  INFO [Employee,,] 21408 --- [Employee] [RMI TCP Connection(37)-127.0.0.1] com.zaxxer.hikari.HikariDataSource       : HikariPool-7 - Shutdown initiated...
2024-12-28T03:41:10.700+05:30  INFO [Employee,,] 21408 --- [Employee] [RMI TCP Connection(37)-127.0.0.1] com.zaxxer.hikari.HikariDataSource       : HikariPool-7 - Shutdown completed.
